<component name="libraryTable">
  <library name="JUnit">
    <CLASSES>
      <root url="jar://$PROJECT_DIR$/src/homework_04/JUnit/hamcrest-core-1.3.jar!/" />
      <root url="jar://$PROJECT_DIR$/src/homework_04/JUnit/junit-4.13.jar!/" />
    </CLASSES>
    <JAVADOC />
    <SOURCES />
  </library>
</component>